+ ./gradlew build -Dorg.gradle.jvmargs=-XX:MaxMetaspaceSize=2096m

> Configure project :
Inferred project: aws-xray-sdk-java-2.18.199, version: 2.8.0-dev.127.uncommitted+104d5e5

> Task :aws-xray-recorder-sdk-benchmark:compileJava NO-SOURCE
> Task :aws-xray-recorder-sdk-core:createCheckerFrameworkManifest UP-TO-DATE
> Task :aws-xray-recorder-sdk-benchmark:processResources UP-TO-DATE
> Task :aws-xray-recorder-sdk-benchmark:classes UP-TO-DATE
> Task :aws-xray-recorder-sdk-aws-sdk:generateProperties
> Task :aws-xray-recorder-sdk-log4j:generateProperties
> Task :aws-xray-recorder-sdk-aws-sdk-v2:generateProperties
> Task :aws-xray-recorder-sdk-apache-http:generateProperties
> Task :aws-xray-recorder-sdk-aws-sdk-v2-instrumentor:generateProperties
> Task :aws-xray-recorder-sdk-aws-sdk-instrumentor:generateProperties
> Task :aws-xray-recorder-sdk-metrics:generateProperties
> Task :aws-xray-recorder-sdk-slf4j:generateProperties
> Task :aws-xray-recorder-sdk-benchmark:javadoc NO-SOURCE
> Task :aws-xray-recorder-sdk-slf4j:processResources NO-SOURCE
> Task :aws-xray-recorder-sdk-apache-http:processResources NO-SOURCE
> Task :aws-xray-recorder-sdk-aws-sdk-instrumentor:processResources UP-TO-DATE
> Task :aws-xray-recorder-sdk-metrics:processResources NO-SOURCE
> Task :aws-xray-recorder-sdk-log4j:processResources NO-SOURCE
> Task :aws-xray-recorder-sdk-aws-sdk-v2:processResources UP-TO-DATE
> Task :aws-xray-recorder-sdk-aws-sdk:processResources UP-TO-DATE
> Task :aws-xray-recorder-sdk-sql:generateProperties
> Task :aws-xray-recorder-sdk-aws-sdk-v2-instrumentor:processResources UP-TO-DATE
> Task :jacoco:generateProperties
> Task :aws-xray-recorder-sdk-sql-mysql:generateProperties
> Task :aws-xray-recorder-sdk-spring:generateProperties
> Task :check UP-TO-DATE
> Task :aws-xray-recorder-sdk-sql:processResources NO-SOURCE
> Task :jacoco:processResources NO-SOURCE
> Task :smoke-tests:generateProperties
> Task :aws-xray-recorder-sdk-sql-postgres:generateProperties
> Task :smoke-tests:processResources NO-SOURCE
> Task :aws-xray-recorder-sdk-sql-mysql:processResources NO-SOURCE
> Task :aws-xray-recorder-sdk-sql-postgres:processResources NO-SOURCE
> Task :aws-xray-recorder-sdk-bom:assemble UP-TO-DATE
> Task :aws-xray-recorder-sdk-spring:processResources NO-SOURCE
> Task :aws-xray-recorder-sdk-bom:check UP-TO-DATE
> Task :aws-xray-recorder-sdk-bom:build UP-TO-DATE
> Task :aws-xray-recorder-sdk-aws-sdk:sourcesJar UP-TO-DATE
> Task :aws-xray-recorder-sdk-aws-sdk-v2:sourcesJar UP-TO-DATE
> Task :aws-xray-recorder-sdk-apache-http:sourcesJar UP-TO-DATE
> Task :aws-xray-recorder-sdk-aws-sdk:processTestResources NO-SOURCE
> Task :aws-xray-recorder-sdk-aws-sdk-instrumentor:sourcesJar UP-TO-DATE
> Task :aws-xray-recorder-sdk-aws-sdk-v2:processTestResources NO-SOURCE
> Task :aws-xray-recorder-sdk-apache-http:processTestResources NO-SOURCE
> Task :aws-xray-recorder-sdk-aws-sdk-instrumentor:processTestResources NO-SOURCE
> Task :aws-xray-recorder-sdk-metrics:sourcesJar UP-TO-DATE
> Task :aws-xray-recorder-sdk-benchmark:jar UP-TO-DATE
> Task :aws-xray-recorder-sdk-benchmark:assemble UP-TO-DATE
> Task :aws-xray-recorder-sdk-metrics:processTestResources NO-SOURCE
> Task :aws-xray-recorder-sdk-apache-http:licenseMain UP-TO-DATE
> Task :aws-xray-recorder-sdk-benchmark:licenseJmh UP-TO-DATE
> Task :aws-xray-recorder-sdk-metrics:licenseMain UP-TO-DATE
> Task :aws-xray-recorder-sdk-aws-sdk-v2-instrumentor:sourcesJar UP-TO-DATE
> Task :aws-xray-recorder-sdk-aws-sdk:licenseMain UP-TO-DATE
> Task :aws-xray-recorder-sdk-log4j:sourcesJar UP-TO-DATE
> Task :aws-xray-recorder-sdk-slf4j:sourcesJar UP-TO-DATE
> Task :aws-xray-recorder-sdk-benchmark:licenseMain UP-TO-DATE
> Task :aws-xray-recorder-sdk-metrics:licenseTest UP-TO-DATE
> Task :aws-xray-recorder-sdk-aws-sdk:licenseTest UP-TO-DATE
> Task :aws-xray-recorder-sdk-aws-sdk-instrumentor:licenseMain UP-TO-DATE
> Task :aws-xray-recorder-sdk-aws-sdk-v2:licenseMain UP-TO-DATE
> Task :aws-xray-recorder-sdk-aws-sdk-v2-instrumentor:processTestResources NO-SOURCE
> Task :aws-xray-recorder-sdk-slf4j:processTestResources NO-SOURCE
> Task :aws-xray-recorder-sdk-aws-sdk-v2:licenseTest UP-TO-DATE
> Task :aws-xray-recorder-sdk-aws-sdk-v2:license UP-TO-DATE
> Task :aws-xray-recorder-sdk-aws-sdk-instrumentor:licenseTest NO-SOURCE
> Task :aws-xray-recorder-sdk-aws-sdk-v2-instrumentor:licenseMain UP-TO-DATE
> Task :aws-xray-recorder-sdk-apache-http:licenseTest UP-TO-DATE
> Task :aws-xray-recorder-sdk-aws-sdk:license UP-TO-DATE
> Task :aws-xray-recorder-sdk-metrics:license UP-TO-DATE
> Task :aws-xray-recorder-sdk-benchmark:licenseTest NO-SOURCE
> Task :aws-xray-recorder-sdk-benchmark:license UP-TO-DATE
> Task :aws-xray-recorder-sdk-log4j:processTestResources NO-SOURCE
> Task :aws-xray-recorder-sdk-aws-sdk-v2-instrumentor:licenseTest NO-SOURCE
> Task :aws-xray-recorder-sdk-aws-sdk-v2-instrumentor:license UP-TO-DATE
> Task :aws-xray-recorder-sdk-apache-http:license UP-TO-DATE
> Task :aws-xray-recorder-sdk-aws-sdk-instrumentor:license UP-TO-DATE
> Task :aws-xray-recorder-sdk-benchmark:compileTestJava NO-SOURCE
> Task :aws-xray-recorder-sdk-slf4j:licenseMain UP-TO-DATE
> Task :aws-xray-recorder-sdk-benchmark:processTestResources NO-SOURCE
> Task :aws-xray-recorder-sdk-benchmark:testClasses UP-TO-DATE
> Task :aws-xray-recorder-sdk-slf4j:licenseTest UP-TO-DATE
> Task :aws-xray-recorder-sdk-spring:sourcesJar UP-TO-DATE
> Task :aws-xray-recorder-sdk-sql:sourcesJar UP-TO-DATE
> Task :aws-xray-recorder-sdk-benchmark:test NO-SOURCE
> Task :dependencyManagement:assemble UP-TO-DATE
> Task :aws-xray-recorder-sdk-sql-mysql:sourcesJar UP-TO-DATE
> Task :aws-xray-recorder-sdk-spring:processTestResources NO-SOURCE
> Task :aws-xray-recorder-sdk-slf4j:license UP-TO-DATE
> Task :aws-xray-recorder-sdk-log4j:licenseMain UP-TO-DATE
> Task :aws-xray-recorder-sdk-sql:processTestResources NO-SOURCE
> Task :aws-xray-recorder-sdk-benchmark:check UP-TO-DATE
> Task :aws-xray-recorder-sdk-benchmark:build UP-TO-DATE
> Task :aws-xray-recorder-sdk-sql-mysql:processTestResources NO-SOURCE
> Task :dependencyManagement:check UP-TO-DATE
> Task :aws-xray-recorder-sdk-sql:licenseMain UP-TO-DATE
> Task :aws-xray-recorder-sdk-spring:licenseMain UP-TO-DATE
> Task :aws-xray-recorder-sdk-sql:licenseTest UP-TO-DATE
> Task :aws-xray-recorder-sdk-log4j:licenseTest UP-TO-DATE
> Task :aws-xray-recorder-sdk-sql-mysql:licenseMain UP-TO-DATE
> Task :jacoco:sourcesJar UP-TO-DATE
> Task :aws-xray-recorder-sdk-sql-postgres:sourcesJar UP-TO-DATE
> Task :jacoco:processTestResources NO-SOURCE
> Task :aws-xray-recorder-sdk-spring:licenseTest UP-TO-DATE
> Task :aws-xray-recorder-sdk-spring:license UP-TO-DATE
> Task :aws-xray-recorder-sdk-sql-postgres:processTestResources NO-SOURCE
> Task :jacoco:licenseMain NO-SOURCE
> Task :jacoco:licenseTest NO-SOURCE
> Task :jacoco:license UP-TO-DATE
> Task :aws-xray-recorder-sdk-sql-postgres:licenseMain UP-TO-DATE
> Task :aws-xray-recorder-sdk-sql-mysql:licenseTest UP-TO-DATE
> Task :aws-xray-recorder-sdk-sql:license UP-TO-DATE
> Task :aws-xray-recorder-sdk-sql-mysql:license UP-TO-DATE
> Task :aws-xray-recorder-sdk-log4j:license UP-TO-DATE
> Task :dependencyManagement:build UP-TO-DATE
> Task :aws-xray-recorder-sdk-sql-postgres:licenseTest UP-TO-DATE
> Task :aws-xray-recorder-sdk-sql-postgres:license UP-TO-DATE
> Task :smoke-tests:sourcesJar UP-TO-DATE
> Task :smoke-tests:processTestResources NO-SOURCE
> Task :smoke-tests:licenseMain NO-SOURCE
> Task :smoke-tests:licenseTest UP-TO-DATE
> Task :smoke-tests:license UP-TO-DATE
> Task :aws-xray-recorder-sdk-aws-sdk-core:compileJava UP-TO-DATE
> Task :aws-xray-recorder-sdk-lambda:compileJava UP-TO-DATE
> Task :aws-xray-recorder-sdk-aws-sdk-core:generateProperties
> Task :aws-xray-recorder-sdk-lambda:generateProperties
> Task :aws-xray-recorder-sdk-lambda:processResources NO-SOURCE
> Task :aws-xray-recorder-sdk-lambda:classes
> Task :aws-xray-recorder-sdk-aws-sdk-core:processResources UP-TO-DATE
> Task :aws-xray-recorder-sdk-aws-sdk-core:classes
> Task :aws-xray-recorder-sdk-lambda:javadoc UP-TO-DATE
> Task :aws-xray-recorder-sdk-aws-sdk-core:javadoc UP-TO-DATE
> Task :aws-xray-recorder-sdk-lambda:jar UP-TO-DATE
> Task :aws-xray-recorder-sdk-aws-sdk-core:jar UP-TO-DATE
> Task :aws-xray-recorder-sdk-lambda:javadocJar UP-TO-DATE
> Task :aws-xray-recorder-sdk-aws-sdk-core:javadocJar UP-TO-DATE
> Task :aws-xray-recorder-sdk-lambda:sourcesJar UP-TO-DATE
> Task :aws-xray-recorder-sdk-lambda:assemble UP-TO-DATE
> Task :aws-xray-recorder-sdk-aws-sdk-core:sourcesJar UP-TO-DATE
> Task :aws-xray-recorder-sdk-core:compileJava UP-TO-DATE
> Task :aws-xray-recorder-sdk-core:generateProperties
> Task :aws-xray-recorder-sdk-core:processResources UP-TO-DATE
> Task :aws-xray-recorder-sdk-core:classes
> Task :aws-xray-recorder-sdk-core:javadoc UP-TO-DATE
> Task :smoke-tests:compileJava NO-SOURCE
> Task :smoke-tests:classes
> Task :smoke-tests:javadoc NO-SOURCE
> Task :aws-xray-recorder-sdk-apache-http:compileJava UP-TO-DATE
> Task :aws-xray-recorder-sdk-apache-http:classes
> Task :aws-xray-recorder-sdk-metrics:compileJava UP-TO-DATE
> Task :aws-xray-recorder-sdk-metrics:classes
> Task :aws-xray-recorder-sdk-core:jar UP-TO-DATE
> Task :aws-xray-recorder-sdk-aws-sdk-core:assemble UP-TO-DATE
> Task :aws-xray-recorder-sdk-apache-http:javadoc UP-TO-DATE
> Task :aws-xray-recorder-sdk-metrics:javadoc UP-TO-DATE
> Task :aws-xray-recorder-sdk-apache-http:jar UP-TO-DATE
> Task :aws-xray-recorder-sdk-core:javadocJar UP-TO-DATE
> Task :aws-xray-recorder-sdk-core:sourcesJar UP-TO-DATE
> Task :aws-xray-recorder-sdk-core:assemble UP-TO-DATE
> Task :aws-xray-recorder-sdk-apache-http:javadocJar UP-TO-DATE
> Task :aws-xray-recorder-sdk-apache-http:assemble UP-TO-DATE
> Task :aws-xray-recorder-sdk-aws-sdk-v2:compileJava UP-TO-DATE
> Task :aws-xray-recorder-sdk-aws-sdk-v2:classes
> Task :aws-xray-recorder-sdk-log4j:compileJava UP-TO-DATE
> Task :aws-xray-recorder-sdk-aws-sdk-v2-instrumentor:compileJava NO-SOURCE
> Task :aws-xray-recorder-sdk-aws-sdk-v2-instrumentor:classes
> Task :aws-xray-recorder-sdk-aws-sdk-v2-instrumentor:javadoc NO-SOURCE
> Task :aws-xray-recorder-sdk-log4j:classes
> Task :aws-xray-recorder-sdk-aws-sdk-v2:javadoc UP-TO-DATE
> Task :aws-xray-recorder-sdk-log4j:javadoc UP-TO-DATE
> Task :aws-xray-recorder-sdk-aws-sdk-v2:jar UP-TO-DATE
> Task :aws-xray-recorder-sdk-apache-http:checkstyleMain UP-TO-DATE
> Task :aws-xray-recorder-sdk-core:checkstyleMain UP-TO-DATE
> Task :aws-xray-recorder-sdk-aws-sdk-core:checkstyleMain UP-TO-DATE
> Task :aws-xray-recorder-sdk-aws-sdk-v2:javadocJar UP-TO-DATE
> Task :aws-xray-recorder-sdk-aws-sdk-v2:assemble UP-TO-DATE
> Task :aws-xray-recorder-sdk-aws-sdk-v2-instrumentor:jar UP-TO-DATE
> Task :aws-xray-recorder-sdk-sql:compileJava UP-TO-DATE
> Task :aws-xray-recorder-sdk-sql:classes
> Task :aws-xray-recorder-sdk-slf4j:compileJava UP-TO-DATE
> Task :aws-xray-recorder-sdk-slf4j:classes
> Task :aws-xray-recorder-sdk-sql-mysql:compileJava UP-TO-DATE
> Task :aws-xray-recorder-sdk-lambda:checkstyleMain UP-TO-DATE
> Task :aws-xray-recorder-sdk-sql-mysql:classes
> Task :aws-xray-recorder-sdk-aws-sdk-v2-instrumentor:javadocJar UP-TO-DATE
> Task :aws-xray-recorder-sdk-aws-sdk-v2-instrumentor:assemble UP-TO-DATE
> Task :aws-xray-recorder-sdk-aws-sdk-v2-instrumentor:checkstyleMain NO-SOURCE
> Task :aws-xray-recorder-sdk-aws-sdk-v2-instrumentor:compileTestJava NO-SOURCE
> Task :aws-xray-recorder-sdk-aws-sdk-v2-instrumentor:testClasses UP-TO-DATE
> Task :aws-xray-recorder-sdk-aws-sdk-v2-instrumentor:checkstyleTest NO-SOURCE
> Task :aws-xray-recorder-sdk-sql:javadoc UP-TO-DATE
> Task :aws-xray-recorder-sdk-slf4j:javadoc UP-TO-DATE
> Task :aws-xray-recorder-sdk-aws-sdk-v2-instrumentor:test NO-SOURCE
> Task :aws-xray-recorder-sdk-sql-mysql:javadoc UP-TO-DATE
> Task :aws-xray-recorder-sdk-aws-sdk-v2-instrumentor:check UP-TO-DATE
> Task :aws-xray-recorder-sdk-aws-sdk-v2-instrumentor:build UP-TO-DATE
> Task :aws-xray-recorder-sdk-log4j:jar UP-TO-DATE
> Task :aws-xray-recorder-sdk-slf4j:jar UP-TO-DATE
> Task :aws-xray-recorder-sdk-metrics:jar UP-TO-DATE
> Task :aws-xray-recorder-sdk-sql:jar UP-TO-DATE
> Task :aws-xray-recorder-sdk-log4j:javadocJar UP-TO-DATE
> Task :aws-xray-recorder-sdk-slf4j:javadocJar UP-TO-DATE
> Task :aws-xray-recorder-sdk-log4j:assemble UP-TO-DATE
> Task :aws-xray-recorder-sdk-slf4j:assemble UP-TO-DATE
> Task :aws-xray-recorder-sdk-sql:javadocJar UP-TO-DATE
> Task :aws-xray-recorder-sdk-sql:assemble UP-TO-DATE
> Task :aws-xray-recorder-sdk-aws-sdk-v2:checkstyleMain UP-TO-DATE
> Task :aws-xray-recorder-sdk-sql-postgres:compileJava UP-TO-DATE
> Task :aws-xray-recorder-sdk-metrics:javadocJar UP-TO-DATE
> Task :aws-xray-recorder-sdk-metrics:assemble UP-TO-DATE
> Task :aws-xray-recorder-sdk-sql-postgres:classes
> Task :aws-xray-recorder-sdk-log4j:checkstyleMain UP-TO-DATE
> Task :aws-xray-recorder-sdk-slf4j:checkstyleMain UP-TO-DATE
> Task :aws-xray-recorder-sdk-aws-sdk:compileJava UP-TO-DATE
> Task :aws-xray-recorder-sdk-aws-sdk:classes
> Task :aws-xray-recorder-sdk-sql-postgres:javadoc UP-TO-DATE
> Task :aws-xray-recorder-sdk-aws-sdk-instrumentor:compileJava NO-SOURCE
> Task :aws-xray-recorder-sdk-aws-sdk-instrumentor:classes
> Task :aws-xray-recorder-sdk-aws-sdk-instrumentor:javadoc NO-SOURCE
> Task :aws-xray-recorder-sdk-metrics:checkstyleMain UP-TO-DATE
> Task :aws-xray-recorder-sdk-aws-sdk:javadoc UP-TO-DATE
> Task :aws-xray-recorder-sdk-sql:checkstyleMain UP-TO-DATE
> Task :aws-xray-recorder-sdk-aws-sdk:jar UP-TO-DATE
> Task :aws-xray-recorder-sdk-aws-sdk-instrumentor:jar UP-TO-DATE
> Task :aws-xray-recorder-sdk-aws-sdk-instrumentor:javadocJar UP-TO-DATE
> Task :aws-xray-recorder-sdk-aws-sdk:javadocJar UP-TO-DATE
> Task :aws-xray-recorder-sdk-aws-sdk-instrumentor:assemble UP-TO-DATE
> Task :aws-xray-recorder-sdk-aws-sdk:assemble UP-TO-DATE
> Task :aws-xray-recorder-sdk-aws-sdk-instrumentor:checkstyleMain NO-SOURCE
> Task :aws-xray-recorder-sdk-aws-sdk-instrumentor:compileTestJava NO-SOURCE
> Task :aws-xray-recorder-sdk-aws-sdk-instrumentor:testClasses UP-TO-DATE
> Task :aws-xray-recorder-sdk-aws-sdk-instrumentor:checkstyleTest NO-SOURCE
> Task :aws-xray-recorder-sdk-aws-sdk-instrumentor:test NO-SOURCE
> Task :aws-xray-recorder-sdk-aws-sdk-instrumentor:check UP-TO-DATE
> Task :aws-xray-recorder-sdk-aws-sdk-instrumentor:build UP-TO-DATE
> Task :aws-xray-recorder-sdk-sql-mysql:jar UP-TO-DATE
> Task :aws-xray-recorder-sdk-aws-sdk:checkstyleMain UP-TO-DATE
> Task :aws-xray-recorder-sdk-sql-mysql:javadocJar UP-TO-DATE
> Task :aws-xray-recorder-sdk-sql-mysql:assemble UP-TO-DATE
> Task :aws-xray-recorder-sdk-sql-mysql:checkstyleMain UP-TO-DATE
> Task :aws-xray-recorder-sdk-lambda:compileTestJava UP-TO-DATE
> Task :aws-xray-recorder-sdk-sql-mysql:compileTestJava UP-TO-DATE
> Task :aws-xray-recorder-sdk-sql-mysql:testClasses UP-TO-DATE
> Task :aws-xray-recorder-sdk-lambda:processTestResources NO-SOURCE
> Task :aws-xray-recorder-sdk-sql:compileTestJava UP-TO-DATE
> Task :aws-xray-recorder-sdk-lambda:testClasses UP-TO-DATE
> Task :aws-xray-recorder-sdk-sql:testClasses UP-TO-DATE
> Task :aws-xray-recorder-sdk-slf4j:compileTestJava UP-TO-DATE
> Task :aws-xray-recorder-sdk-slf4j:testClasses UP-TO-DATE
> Task :aws-xray-recorder-sdk-sql-mysql:checkstyleTest UP-TO-DATE
> Task :aws-xray-recorder-sdk-lambda:checkstyleTest UP-TO-DATE
> Task :aws-xray-recorder-sdk-lambda:licenseMain UP-TO-DATE
> Task :aws-xray-recorder-sdk-slf4j:checkstyleTest UP-TO-DATE
> Task :aws-xray-recorder-sdk-log4j:compileTestJava UP-TO-DATE
> Task :aws-xray-recorder-sdk-spring:compileJava UP-TO-DATE
> Task :aws-xray-recorder-sdk-aws-sdk-core:compileTestJava UP-TO-DATE
> Task :aws-xray-recorder-sdk-log4j:testClasses UP-TO-DATE
> Task :aws-xray-recorder-sdk-spring:classes
> Task :aws-xray-recorder-sdk-lambda:licenseTest UP-TO-DATE
> Task :aws-xray-recorder-sdk-sql:checkstyleTest UP-TO-DATE
> Task :aws-xray-recorder-sdk-aws-sdk-v2:compileTestJava UP-TO-DATE
> Task :jacoco:compileJava NO-SOURCE
> Task :aws-xray-recorder-sdk-aws-sdk-v2:testClasses UP-TO-DATE
> Task :jacoco:classes
> Task :jacoco:javadoc NO-SOURCE
> Task :aws-xray-recorder-sdk-aws-sdk-core:processTestResources UP-TO-DATE
> Task :aws-xray-recorder-sdk-lambda:license UP-TO-DATE
> Task :aws-xray-recorder-sdk-aws-sdk-core:testClasses UP-TO-DATE
> Task :aws-xray-recorder-sdk-aws-sdk-v2:checkstyleTest UP-TO-DATE
> Task :aws-xray-recorder-sdk-log4j:checkstyleTest UP-TO-DATE
> Task :aws-xray-recorder-sdk-spring:javadoc UP-TO-DATE
> Task :aws-xray-recorder-sdk-aws-sdk-core:checkstyleTest UP-TO-DATE
> Task :aws-xray-recorder-sdk-aws-sdk-core:licenseMain UP-TO-DATE
> Task :aws-xray-recorder-sdk-aws-sdk-core:licenseTest UP-TO-DATE
> Task :aws-xray-recorder-sdk-aws-sdk-core:license UP-TO-DATE
> Task :aws-xray-recorder-sdk-aws-sdk:compileTestJava UP-TO-DATE
> Task :aws-xray-recorder-sdk-aws-sdk:testClasses UP-TO-DATE
> Task :aws-xray-recorder-sdk-metrics:compileTestJava UP-TO-DATE
> Task :aws-xray-recorder-sdk-metrics:testClasses UP-TO-DATE
> Task :aws-xray-recorder-sdk-aws-sdk:checkstyleTest UP-TO-DATE
> Task :aws-xray-recorder-sdk-metrics:checkstyleTest UP-TO-DATE
> Task :aggregateJavadoc UP-TO-DATE
> Task :aws-xray-recorder-sdk-sql:test UP-TO-DATE
> Task :aggregateJavadocJar UP-TO-DATE
> Task :assemble UP-TO-DATE
> Task :build UP-TO-DATE
> Task :aws-xray-recorder-sdk-sql-mysql:test UP-TO-DATE
> Task :aws-xray-recorder-sdk-sql-mysql:check UP-TO-DATE
> Task :aws-xray-recorder-sdk-sql-mysql:build UP-TO-DATE
> Task :aws-xray-recorder-sdk-aws-sdk-core:test UP-TO-DATE
> Task :aws-xray-recorder-sdk-sql:check UP-TO-DATE
> Task :aws-xray-recorder-sdk-slf4j:test UP-TO-DATE
> Task :aws-xray-recorder-sdk-sql:build UP-TO-DATE
> Task :aws-xray-recorder-sdk-slf4j:check UP-TO-DATE
> Task :aws-xray-recorder-sdk-log4j:test UP-TO-DATE
> Task :aws-xray-recorder-sdk-log4j:check UP-TO-DATE
> Task :aws-xray-recorder-sdk-log4j:build UP-TO-DATE
> Task :aws-xray-recorder-sdk-aws-sdk-v2:test UP-TO-DATE
> Task :aws-xray-recorder-sdk-lambda:test UP-TO-DATE
> Task :aws-xray-recorder-sdk-aws-sdk-v2:check UP-TO-DATE
> Task :aws-xray-recorder-sdk-aws-sdk:test UP-TO-DATE
> Task :aws-xray-recorder-sdk-aws-sdk-core:check UP-TO-DATE
> Task :aws-xray-recorder-sdk-slf4j:build UP-TO-DATE
> Task :aws-xray-recorder-sdk-aws-sdk-core:build UP-TO-DATE
> Task :aws-xray-recorder-sdk-lambda:check UP-TO-DATE
> Task :aws-xray-recorder-sdk-aws-sdk-v2:build UP-TO-DATE
> Task :aws-xray-recorder-sdk-lambda:build UP-TO-DATE
> Task :aws-xray-recorder-sdk-aws-sdk:check UP-TO-DATE
> Task :aws-xray-recorder-sdk-spring:jar UP-TO-DATE
> Task :aws-xray-recorder-sdk-metrics:test UP-TO-DATE
> Task :aws-xray-recorder-sdk-aws-sdk:build UP-TO-DATE
> Task :aws-xray-recorder-sdk-metrics:check UP-TO-DATE
> Task :aws-xray-recorder-sdk-metrics:build UP-TO-DATE
> Task :aws-xray-recorder-sdk-sql-postgres:jar UP-TO-DATE
> Task :jacoco:jar UP-TO-DATE
> Task :smoke-tests:jar UP-TO-DATE
> Task :aws-xray-recorder-sdk-spring:javadocJar UP-TO-DATE
> Task :aws-xray-recorder-sdk-spring:assemble UP-TO-DATE
> Task :aws-xray-recorder-sdk-sql-postgres:javadocJar UP-TO-DATE
> Task :jacoco:javadocJar UP-TO-DATE
> Task :aws-xray-recorder-sdk-sql-postgres:assemble UP-TO-DATE
> Task :jacoco:assemble UP-TO-DATE
> Task :jacoco:checkstyleMain NO-SOURCE
> Task :smoke-tests:javadocJar UP-TO-DATE
> Task :aws-xray-recorder-sdk-core:compileTestJava UP-TO-DATE
> Task :jacoco:compileTestJava NO-SOURCE
> Task :smoke-tests:assemble UP-TO-DATE
> Task :smoke-tests:checkstyleMain NO-SOURCE
> Task :jacoco:testClasses UP-TO-DATE
> Task :jacoco:checkstyleTest NO-SOURCE
> Task :aws-xray-recorder-sdk-core:processTestResources UP-TO-DATE
> Task :aws-xray-recorder-sdk-core:testClasses UP-TO-DATE
> Task :jacoco:test NO-SOURCE
> Task :jacoco:check UP-TO-DATE
> Task :jacoco:build UP-TO-DATE
> Task :aws-xray-recorder-sdk-apache-http:compileTestJava UP-TO-DATE
> Task :aws-xray-recorder-sdk-apache-http:testClasses UP-TO-DATE
> Task :aws-xray-recorder-sdk-spring:checkstyleMain UP-TO-DATE
> Task :aws-xray-recorder-sdk-sql-postgres:checkstyleMain UP-TO-DATE
> Task :aws-xray-recorder-sdk-core:checkstyleTest UP-TO-DATE
> Task :aws-xray-recorder-sdk-apache-http:checkstyleTest UP-TO-DATE
> Task :aws-xray-recorder-sdk-core:licenseMain UP-TO-DATE
> Task :aws-xray-recorder-sdk-core:licenseTest UP-TO-DATE
> Task :aws-xray-recorder-sdk-core:license UP-TO-DATE
> Task :smoke-tests:compileTestJava UP-TO-DATE
> Task :aws-xray-recorder-sdk-spring:compileTestJava UP-TO-DATE
> Task :aws-xray-recorder-sdk-sql-postgres:compileTestJava UP-TO-DATE
> Task :aws-xray-recorder-sdk-spring:testClasses UP-TO-DATE
> Task :aws-xray-recorder-sdk-sql-postgres:testClasses UP-TO-DATE
> Task :aws-xray-recorder-sdk-apache-http:test UP-TO-DATE
> Task :aws-xray-recorder-sdk-apache-http:check UP-TO-DATE
> Task :smoke-tests:testClasses UP-TO-DATE
> Task :aws-xray-recorder-sdk-sql-postgres:checkstyleTest UP-TO-DATE
> Task :aws-xray-recorder-sdk-apache-http:build UP-TO-DATE
> Task :aws-xray-recorder-sdk-spring:checkstyleTest UP-TO-DATE
> Task :smoke-tests:checkstyleTest UP-TO-DATE
> Task :aws-xray-recorder-sdk-spring:test UP-TO-DATE
> Task :aws-xray-recorder-sdk-sql-postgres:test UP-TO-DATE
> Task :aws-xray-recorder-sdk-spring:check UP-TO-DATE
> Task :aws-xray-recorder-sdk-sql-postgres:check UP-TO-DATE
> Task :aws-xray-recorder-sdk-sql-postgres:build UP-TO-DATE
> Task :aws-xray-recorder-sdk-spring:build UP-TO-DATE
> Task :smoke-tests:test UP-TO-DATE
> Task :smoke-tests:check UP-TO-DATE
> Task :smoke-tests:build UP-TO-DATE

> Task :aws-xray-recorder-sdk-core:test

Exception: java.lang.OutOfMemoryError thrown from the UncaughtExceptionHandler in thread "Thread-4"

UnsignedXrayClientTest > getSamplingRules FAILED
    com.amazonaws.xray.internal.XrayClientException: Could not serialize and send request.
        at app//com.amazonaws.xray.internal.UnsignedXrayClient.sendRequest(UnsignedXrayClient.java:149)
        at app//com.amazonaws.xray.internal.UnsignedXrayClient.getSamplingRules(UnsignedXrayClient.java:119)
        at app//com.amazonaws.xray.internal.UnsignedXrayClientTest.getSamplingRules(UnsignedXrayClientTest.java:225)

        Caused by:
        com.fasterxml.jackson.databind.exc.InvalidDefinitionException: No serializer found for class software.amazon.awssdk.services.xray.model.GetSamplingRulesRequest and no properties discovered to create BeanSerializer (to avoid exception, disable SerializationFeature.FAIL_ON_EMPTY_BEANS)
            at app//com.fasterxml.jackson.databind.exc.InvalidDefinitionException.from(InvalidDefinitionException.java:77)
            at app//com.fasterxml.jackson.databind.SerializerProvider.reportBadDefinition(SerializerProvider.java:1330)
            at app//com.fasterxml.jackson.databind.DatabindContext.reportBadDefinition(DatabindContext.java:414)
            at app//com.fasterxml.jackson.databind.ser.impl.UnknownSerializer.failForEmpty(UnknownSerializer.java:53)
            at app//com.fasterxml.jackson.databind.ser.impl.UnknownSerializer.serialize(UnknownSerializer.java:30)
            at app//com.fasterxml.jackson.databind.ser.DefaultSerializerProvider._serialize(DefaultSerializerProvider.java:502)
            at app//com.fasterxml.jackson.databind.ser.DefaultSerializerProvider.serializeValue(DefaultSerializerProvider.java:341)
            at app//com.fasterxml.jackson.databind.ObjectMapper._writeValueAndClose(ObjectMapper.java:4799)
            at app//com.fasterxml.jackson.databind.ObjectMapper.writeValue(ObjectMapper.java:3999)
            at app//com.amazonaws.xray.internal.UnsignedXrayClient.sendRequest(UnsignedXrayClient.java:147)
            ... 2 more

UnsignedXrayClientTest > getSamplingTargets FAILED
    com.amazonaws.xray.internal.XrayClientException: Could not serialize and send request.
        at app//com.amazonaws.xray.internal.UnsignedXrayClient.sendRequest(UnsignedXrayClient.java:149)
        at app//com.amazonaws.xray.internal.UnsignedXrayClient.getSamplingTargets(UnsignedXrayClient.java:123)
        at app//com.amazonaws.xray.internal.UnsignedXrayClientTest.getSamplingTargets(UnsignedXrayClientTest.java:247)

        Caused by:
        com.fasterxml.jackson.databind.exc.InvalidDefinitionException: No serializer found for class software.amazon.awssdk.services.xray.model.GetSamplingTargetsRequest and no properties discovered to create BeanSerializer (to avoid exception, disable SerializationFeature.FAIL_ON_EMPTY_BEANS)
            at app//com.fasterxml.jackson.databind.exc.InvalidDefinitionException.from(InvalidDefinitionException.java:77)
            at app//com.fasterxml.jackson.databind.SerializerProvider.reportBadDefinition(SerializerProvider.java:1330)
            at app//com.fasterxml.jackson.databind.DatabindContext.reportBadDefinition(DatabindContext.java:414)
            at app//com.fasterxml.jackson.databind.ser.impl.UnknownSerializer.failForEmpty(UnknownSerializer.java:53)
            at app//com.fasterxml.jackson.databind.ser.impl.UnknownSerializer.serialize(UnknownSerializer.java:30)
            at app//com.fasterxml.jackson.databind.ser.DefaultSerializerProvider._serialize(DefaultSerializerProvider.java:502)
            at app//com.fasterxml.jackson.databind.ser.DefaultSerializerProvider.serializeValue(DefaultSerializerProvider.java:341)
            at app//com.fasterxml.jackson.databind.ObjectMapper._writeValueAndClose(ObjectMapper.java:4799)
            at app//com.fasterxml.jackson.databind.ObjectMapper.writeValue(ObjectMapper.java:3999)
            at app//com.amazonaws.xray.internal.UnsignedXrayClient.sendRequest(UnsignedXrayClient.java:147)
            ... 2 more

UnsignedXrayClientTest > badStatus FAILED
    java.lang.AssertionError: 
    Expecting throwable message:
      <"Could not serialize and send request.">
    to contain:
      <"{"message": "bad authentication"}">
    but did not.

    Throwable that failed the check:

    com.amazonaws.xray.internal.XrayClientException: Could not serialize and send request.
    	at com.amazonaws.xray.internal.UnsignedXrayClient.sendRequest(UnsignedXrayClient.java:149)
    	at com.amazonaws.xray.internal.UnsignedXrayClient.getSamplingRules(UnsignedXrayClient.java:119)
    	at com.amazonaws.xray.internal.UnsignedXrayClientTest.lambda$badStatus$0(UnsignedXrayClientTest.java:271)
    	at org.assertj.core.api.ThrowableAssert.catchThrowable(ThrowableAssert.java:62)
    	at org.assertj.core.api.AssertionsForClassTypes.catchThrowable(AssertionsForClassTypes.java:750)
    	at org.assertj.core.api.Assertions.catchThrowable(Assertions.java:1191)
    	at org.assertj.core.api.Assertions.assertThatThrownBy(Assertions.java:1063)
    	at com.amazonaws.xray.internal.UnsignedXrayClientTest.badStatus(UnsignedXrayClientTest.java:271)
    	at java.base/jdk.internal.reflect.NativeMethodAccessorImpl.invoke0(Native Method)
    	at java.base/jdk.internal.reflect.NativeMethodAccessorImpl.invoke(NativeMethodAccessorImpl.java:62)
    	at java.base/jdk.internal.reflect.DelegatingMethodAccessorImpl.invoke(DelegatingMethodAccessorImpl.java:43)
    	at java.base/java.lang.reflect.Method.invoke(Method.java:566)
    	at org.junit.runners.model.FrameworkMethod$1.runReflectiveCall(FrameworkMethod.java:59)
    	at org.junit.internal.runners.model.ReflectiveCallable.run(ReflectiveCallable.java:12)
    	at org.junit.runners.model.FrameworkMethod.invokeExplosively(FrameworkMethod.java:56)
    	at org.junit.internal.runners.statements.InvokeMethod.evaluate(InvokeMethod.java:17)
    	at org.junit.internal.runners.statements.RunBefores.evaluate(RunBefores.java:26)
    	at org.junit.runners.ParentRunner$3.evaluate(ParentRunner.java:306)
    	at org.junit.runners.BlockJUnit4ClassRunner$1.evaluate(BlockJUnit4ClassRunner.java:100)
    	at org.junit.runners.ParentRunner.runLeaf(ParentRunner.java:366)
    	at org.junit.runners.BlockJUnit4ClassRunner.runChild(BlockJUnit4ClassRunner.java:103)
    	at org.junit.runners.BlockJUnit4ClassRunner.runChild(BlockJUnit4ClassRunner.java:63)
    	at org.junit.runners.ParentRunner$4.run(ParentRunner.java:331)
    	at org.junit.runners.ParentRunner$1.schedule(ParentRunner.java:79)
    	at org.junit.runners.ParentRunner.runChildren(ParentRunner.java:329)
    	at org.junit.runners.ParentRunner.access$100(ParentRunner.java:66)
    	at org.junit.runners.ParentRunner$2.evaluate(ParentRunner.java:293)
    	at com.github.tomakehurst.wiremock.junit.WireMockClassRule$1.evaluate(WireMockClassRule.java:70)
    	at org.junit.rules.RunRules.evaluate(RunRules.java:20)
    	at org.junit.runners.ParentRunner$3.evaluate(ParentRunner.java:306)
    	at org.junit.runners.ParentRunner.run(ParentRunner.java:413)
    	at org.junit.runner.JUnitCore.run(JUnitCore.java:137)
    	at org.junit.runner.JUnitCore.run(JUnitCore.java:115)
    	at org.junit.vintage.engine.execution.RunnerExecutor.execute(RunnerExecutor.java:42)
    	at org.junit.vintage.engine.VintageTestEngine.executeAllChildren(VintageTestEngine.java:80)
    	at org.junit.vintage.engine.VintageTestEngine.execute(VintageTestEngine.java:72)
    	at org.junit.platform.launcher.core.EngineExecutionOrchestrator.execute(EngineExecutionOrchestrator.java:108)
    	at org.junit.platform.launcher.core.EngineExecutionOrchestrator.execute(EngineExecutionOrchestrator.java:88)
    	at org.junit.platform.launcher.core.EngineExecutionOrchestrator.lambda$execute$0(EngineExecutionOrchestrator.java:54)
    	at org.junit.platform.launcher.core.EngineExecutionOrchestrator.withInterceptedStreams(EngineExecutionOrchestrator.java:67)
    	at org.junit.platform.launcher.core.EngineExecutionOrchestrator.execute(EngineExecutionOrchestrator.java:52)
    	at org.junit.platform.launcher.core.DefaultLauncher.execute(DefaultLauncher.java:96)
    	at org.junit.platform.launcher.core.DefaultLauncher.execute(DefaultLauncher.java:75)
    	at org.gradle.api.internal.tasks.testing.junitplatform.JUnitPlatformTestClassProcessor$CollectAllTestClassesExecutor.processAllTestClasses(JUnitPlatformTestClassProcessor.java:99)
    	at org.gradle.api.internal.tasks.testing.junitplatform.JUnitPlatformTestClassProcessor$CollectAllTestClassesExecutor.access$000(JUnitPlatformTestClassProcessor.java:79)
    	at org.gradle.api.internal.tasks.testing.junitplatform.JUnitPlatformTestClassProcessor.stop(JUnitPlatformTestClassProcessor.java:75)
    	at org.gradle.api.internal.tasks.testing.SuiteTestClassProcessor.stop(SuiteTestClassProcessor.java:61)
    	at java.base/jdk.internal.reflect.NativeMethodAccessorImpl.invoke0(Native Method)
    	at java.base/jdk.internal.reflect.NativeMethodAccessorImpl.invoke(NativeMethodAccessorImpl.java:62)
    	at java.base/jdk.internal.reflect.DelegatingMethodAccessorImpl.invoke(DelegatingMethodAccessorImpl.java:43)
    	at java.base/java.lang.reflect.Method.invoke(Method.java:566)
    	at org.gradle.internal.dispatch.ReflectionDispatch.dispatch(ReflectionDispatch.java:36)
    	at org.gradle.internal.dispatch.ReflectionDispatch.dispatch(ReflectionDispatch.java:24)
    	at org.gradle.internal.dispatch.ContextClassLoaderDispatch.dispatch(ContextClassLoaderDispatch.java:33)
    	at org.gradle.internal.dispatch.ProxyDispatchAdapter$DispatchingInvocationHandler.invoke(ProxyDispatchAdapter.java:94)
    	at com.sun.proxy.$Proxy5.stop(Unknown Source)
    	at org.gradle.api.internal.tasks.testing.worker.TestWorker$3.run(TestWorker.java:193)
    	at org.gradle.api.internal.tasks.testing.worker.TestWorker.executeAndMaintainThreadName(TestWorker.java:129)
    	at org.gradle.api.internal.tasks.testing.worker.TestWorker.execute(TestWorker.java:100)
    	at org.gradle.api.internal.tasks.testing.worker.TestWorker.execute(TestWorker.java:60)
    	at org.gradle.process.internal.worker.child.ActionExecutionWorker.execute(ActionExecutionWorker.java:56)
    	at org.gradle.process.internal.worker.child.SystemApplicationClassLoaderWorker.call(SystemApplicationClassLoaderWorker.java:133)
    	at org.gradle.process.internal.worker.child.SystemApplicationClassLoaderWorker.call(SystemApplicationClassLoaderWorker.java:71)
    	at worker.org.gradle.process.internal.worker.GradleWorkerMain.run(GradleWorkerMain.java:69)
    	at worker.org.gradle.process.internal.worker.GradleWorkerMain.main(GradleWorkerMain.java:74)
    Caused by: com.fasterxml.jackson.databind.exc.InvalidDefinitionException: No serializer found for class software.amazon.awssdk.services.xray.model.GetSamplingRulesRequest and no properties discovered to create BeanSerializer (to avoid exception, disable SerializationFeature.FAIL_ON_EMPTY_BEANS)
    	at com.fasterxml.jackson.databind.exc.InvalidDefinitionException.from(InvalidDefinitionException.java:77)
    	at com.fasterxml.jackson.databind.SerializerProvider.reportBadDefinition(SerializerProvider.java:1330)
    	at com.fasterxml.jackson.databind.DatabindContext.reportBadDefinition(DatabindContext.java:414)
    	at com.fasterxml.jackson.databind.ser.impl.UnknownSerializer.failForEmpty(UnknownSerializer.java:53)
    	at com.fasterxml.jackson.databind.ser.impl.UnknownSerializer.serialize(UnknownSerializer.java:30)
    	at com.fasterxml.jackson.databind.ser.DefaultSerializerProvider._serialize(DefaultSerializerProvider.java:502)
    	at com.fasterxml.jackson.databind.ser.DefaultSerializerProvider.serializeValue(DefaultSerializerProvider.java:341)
    	at com.fasterxml.jackson.databind.ObjectMapper._writeValueAndClose(ObjectMapper.java:4799)
    	at com.fasterxml.jackson.databind.ObjectMapper.writeValue(ObjectMapper.java:3999)
    	at com.amazonaws.xray.internal.UnsignedXrayClient.sendRequest(UnsignedXrayClient.java:147)
    	... 64 more
        at com.amazonaws.xray.internal.UnsignedXrayClientTest.badStatus(UnsignedXrayClientTest.java:274)

CentralizedRuleTest > testRuleUpdateWithInvalidation FAILED
    java.lang.AssertionError
        at org.junit.Assert.fail(Assert.java:87)
        at org.junit.Assert.assertTrue(Assert.java:42)
        at org.junit.Assert.assertTrue(Assert.java:53)
        at com.amazonaws.xray.strategy.sampling.rule.CentralizedRuleTest.testRuleUpdateWithInvalidation(CentralizedRuleTest.java:237)
WARNING: An illegal reflective access operation has occurred
WARNING: Illegal reflective access by org.powermock.reflect.internal.WhiteboxImpl (file:/Users/lukezha/.gradle/caches/modules-2/files-2.1/org.powermock/powermock-reflect/2.0.7/9a8b85397c5a72923962ee9e6bf774e8458803bb/powermock-reflect-2.0.7.jar) to method java.util.concurrent.Executors$DelegatedExecutorService.shutdown()
WARNING: Please consider reporting this to the maintainers of org.powermock.reflect.internal.WhiteboxImpl
WARNING: Use --illegal-access=warn to enable warnings of further illegal reflective access operations
WARNING: All illegal access operations will be denied in a future release

277 tests completed, 4 failed

> Task :aws-xray-recorder-sdk-core:test FAILED

FAILURE: Build failed with an exception.

* What went wrong:
Execution failed for task ':aws-xray-recorder-sdk-core:test'.
> There were failing tests. See the report at: file:///Users/lukezha/github/xray-sdk/aws-xray-sdk-java-2.18.199/aws-xray-recorder-sdk-core/build/reports/tests/test/index.html

* Try:
> Run with --stacktrace option to get the stack trace.
> Run with --info or --debug option to get more log output.
> Run with --scan to get full insights.

* Get more help at https://help.gradle.org

Deprecated Gradle features were used in this build, making it incompatible with Gradle 8.0.

You can use '--warning-mode all' to show the individual deprecation warnings and determine if they come from your own scripts or plugins.

See https://docs.gradle.org/7.4.2/userguide/command_line_interface.html#sec:command_line_warnings

BUILD FAILED in 14s
193 actionable tasks: 18 executed, 175 up-to-date
